<?xml version="1.0" encoding="utf-8"?><testsuite errors="0" failures="4" name="pytest" skipped="0" tests="10" time="2.534"><testcase classname="test_submit" file="test_submit.py" line="3" name="test_q1" time="0.001"></testcase><testcase classname="test_submit" file="test_submit.py" line="9" name="test_q2" time="0.097"></testcase><testcase classname="test_submit" file="test_submit.py" line="15" name="test_q3" time="0.019"></testcase><testcase classname="test_submit" file="test_submit.py" line="21" name="test_q4" time="0.005"></testcase><testcase classname="test_submit" file="test_submit.py" line="27" name="test_q5" time="0.282"></testcase><testcase classname="test_submit" file="test_submit.py" line="33" name="test_q6" time="0.270"></testcase><testcase classname="test_submit" file="test_submit.py" line="39" name="test_q7" time="0.002"><failure message="assert None == 16
  -None
  +16">E   assert None == 16
      -None
      +16</failure></testcase><testcase classname="test_submit" file="test_submit.py" line="45" name="test_q8" time="0.001"><failure message="TypeError: type NoneType doesn&apos;t define __round__ method">E   TypeError: type NoneType doesn&apos;t define __round__ method</failure></testcase><testcase classname="test_submit" file="test_submit.py" line="51" name="test_q9" time="0.001"><failure message="assert None == 348631
  -None
  +348631">E   assert None == 348631
      -None
      +348631</failure></testcase><testcase classname="test_submit" file="test_submit.py" line="57" name="test_q10" time="0.001"><failure message="assert None">E   assert None</failure></testcase></testsuite>